<?xml version="1.0" encoding="UTF-8" ?>
<testsuite tests="1" failures="0" name="Cucumber.utils.runners.TestRunner" time="0.055" errors="1" skipped="0">
  <properties>
[...]
</properties>
  <testcase classname=": Adicionar Novo Contato" name=": Criar um novo contato" time="0.055">
    <error message="The step &apos;que estou no aplicativo de contatos&apos; and 4 other step(s) are undefined.
You can implement these steps using the snippet(s) below:

@Dado(&quot;que estou no aplicativo de contatos&quot;)
public void que_estou_no_aplicativo_de_contatos() {
    // Write code here that turns the phrase above into concrete actions
    throw new io.cucumber.java.PendingException();
}
@Quando(&quot;navego até a tela de adicionar um novo contato&quot;)
public void navego_até_a_tela_de_adicionar_um_novo_contato() {
    // Write code here that turns the phrase above into concrete actions
    throw new io.cucumber.java.PendingException();
}
@Quando(&quot;insiro as informações de contato&quot;)
public void insiro_as_informações_de_contato() {
    // Write code here that turns the phrase above into concrete actions
    throw new io.cucumber.java.PendingException();
}
@Quando(&quot;confirmo a criação do contato&quot;)
public void confirmo_a_criação_do_contato() {
    // Write code here that turns the phrase above into concrete actions
    throw new io.cucumber.java.PendingException();
}
@Entao(&quot;valido se os dados do contato criado conferem&quot;)
public void valido_se_os_dados_do_contato_criado_conferem() {
    // Write code here that turns the phrase above into concrete actions
    throw new io.cucumber.java.PendingException();
}
" type="io.cucumber.junit.UndefinedStepException">io.cucumber.junit.UndefinedStepException: The step &apos;que estou no aplicativo de contatos&apos; and 4 other step(s) are undefined.
You can implement these steps using the snippet(s) below:

@Dado(&quot;que estou no aplicativo de contatos&quot;)
public void que_estou_no_aplicativo_de_contatos() {
    // Write code here that turns the phrase above into concrete actions
    throw new io.cucumber.java.PendingException();
}
@Quando(&quot;navego até a tela de adicionar um novo contato&quot;)
public void navego_até_a_tela_de_adicionar_um_novo_contato() {
    // Write code here that turns the phrase above into concrete actions
    throw new io.cucumber.java.PendingException();
}
@Quando(&quot;insiro as informações de contato&quot;)
public void insiro_as_informações_de_contato() {
    // Write code here that turns the phrase above into concrete actions
    throw new io.cucumber.java.PendingException();
}
@Quando(&quot;confirmo a criação do contato&quot;)
public void confirmo_a_criação_do_contato() {
    // Write code here that turns the phrase above into concrete actions
    throw new io.cucumber.java.PendingException();
}
@Entao(&quot;valido se os dados do contato criado conferem&quot;)
public void valido_se_os_dados_do_contato_criado_conferem() {
    // Write code here that turns the phrase above into concrete actions
    throw new io.cucumber.java.PendingException();
}

</error>
    <system-out>
Cenario: : Criar um novo contato                        &amp;#27;[90m# src/test/resources/features/Registration.feature:4&amp;#27;[0m
  &amp;#27;[33mDado &amp;#27;[0m&amp;#27;[33mque estou no aplicativo de contatos&amp;#27;[0m
  &amp;#27;[36mQuando &amp;#27;[0m&amp;#27;[36mnavego até a tela de adicionar um novo contato&amp;#27;[0m
  &amp;#27;[36mE &amp;#27;[0m&amp;#27;[36minsiro as informações de contato&amp;#27;[0m
  &amp;#27;[36mE &amp;#27;[0m&amp;#27;[36mconfirmo a criação do contato&amp;#27;[0m
  &amp;#27;[36mEntao &amp;#27;[0m&amp;#27;[36mvalido se os dados do contato criado conferem&amp;#27;[0m
</system-out>
    <system-err>Nov 15, 2023 5:54:20 PM io.cucumber.core.feature.GluePath warnWhenWellKnownProjectSourceDirectory
WARNING: Consider replacing glue path &apos;src/test/java/Cucumber/utils/AutomationSteps&apos; with &apos;Cucumber.utils.AutomationSteps&apos;.
&apos;
The current glue path points to a source directory in your project. However cucumber looks for glue (i.e. step definitions) on the classpath. By using a package name you can avoid this ambiguity.
</system-err>
  </testcase>
</testsuite>